<?xml version="1.0" encoding="UTF-8"?>
<testsuite name="DemoTest" time="0.01" tests="2" errors="0" skipped="0" failures="0">
  <properties>
    <property name="idea.version" value="2018.1.5"/>
    <property name="java.runtime.name" value="Java(TM) SE Runtime Environment"/>
    <property name="java.vm.version" value="11+28"/>
    <property name="sun.boot.library.path" value="C:\Program Files\Java\jdk-11\bin"/>
    <property name="sonar.branch.name" value="develop"/>
    <property name="maven.multiModuleProjectDirectory" value="H:\Workspace_idea\aispringboot01"/>
    <property name="java.vm.vendor" value="Oracle Corporation"/>
    <property name="java.vendor.url" value="http://java.oracle.com/"/>
    <property name="guice.disable.misplaced.annotation.check" value="true"/>
    <property name="path.separator" value=";"/>
    <property name="java.vm.name" value="Java HotSpot(TM) 64-Bit Server VM"/>
    <property name="idea.launcher.port" value="62917"/>
    <property name="sun.os.patch.level" value=""/>
    <property name="env" value="sonar"/>
    <property name="user.script" value=""/>
    <property name="sun.java.launcher" value="SUN_STANDARD"/>
    <property name="user.country" value="CN"/>
    <property name="java.vm.specification.name" value="Java Virtual Machine Specification"/>
    <property name="user.dir" value="H:\Workspace_idea\aispringboot01"/>
    <property name="java.vm.compressedOopsMode" value="32-bit"/>
    <property name="java.runtime.version" value="11+28"/>
    <property name="java.awt.graphicsenv" value="sun.awt.Win32GraphicsEnvironment"/>
    <property name="os.arch" value="amd64"/>
    <property name="java.io.tmpdir" value="C:\Users\ww\AppData\Local\Temp\"/>
    <property name="line.separator" value="&#10;"/>
    <property name="java.vm.specification.vendor" value="Oracle Corporation"/>
    <property name="sonar.projectVersion" value="20210531"/>
    <property name="user.variant" value=""/>
    <property name="os.name" value="Windows 10"/>
    <property name="archetypeCatalog" value="local"/>
    <property name="classworlds.conf" value="E:\anzhuang\apache-maven-3.6.1\bin\m2.conf"/>
    <property name="app.name" value="a_test01"/>
    <property name="sun.jnu.encoding" value="GBK"/>
    <property name="sonar.login" value="aa90f970cccc49df4c8d3c8d9f74fcbbed5e22f5"/>
    <property name="java.library.path" value="C:\Program Files\Java\jdk-11\bin;C:\Windows\Sun\Java\bin;C:\Windows\system32;C:\Windows;C:\ProgramData\Oracle\Java\javapath;C:\Windows\system32;C:\Windows;C:\Windows\System32\Wbem;C:\Windows\System32\WindowsPowerShell\v1.0\;C:\Windows\System32\OpenSSH\;E:\anzhuang\apache-tomcat-9.0.20\bin;E:\anzhuang\Git\cmd;E:\anzhuang\Mysql_5.7\MySQL Server 5.7\bin;C:\Program Files\Java\jdk1.8.0_131\bin;E:\anzhuang\apache-maven-3.6.1\bin;E:\anzhuang\sonar-scanner-4.2.0.1873-windows\bin;E:\anzhuang\Mysql_5.7\MySQL Utilities 1.3.5\;C:\Program Files\Go\bin;H:\Workspace_go\bin;C:\Users\ww\AppData\Local\Microsoft\WindowsApps;C:\Users\ww\go\bin;E:\anzhuang\DriverGenius;E:\anzhuang\DriverGenius\ksoft;."/>
    <property name="app.env" value="dev"/>
    <property name="maven.conf" value="E:\anzhuang\apache-maven-3.6.1/conf"/>
    <property name="jdk.debug" value="release"/>
    <property name="java.class.version" value="55.0"/>
    <property name="java.specification.name" value="Java Platform API Specification"/>
    <property name="sun.management.compiler" value="HotSpot 64-Bit Tiered Compilers"/>
    <property name="os.version" value="10.0"/>
    <property name="user.home" value="C:\Users\ww"/>
    <property name="user.timezone" value="Asia/Shanghai"/>
    <property name="java.awt.printerjob" value="sun.awt.windows.WPrinterJob"/>
    <property name="sonar.host.url" value="http://192.168.43.19:9000"/>
    <property name="idea.launcher.bin.path" value="E:\anzhuang\IntelliJ IDEA 2018.1.5\bin"/>
    <property name="file.encoding" value="UTF-8"/>
    <property name="java.specification.version" value="11"/>
    <property name="sonar.projectKey" value="a_test01"/>
    <property name="user.name" value="ww"/>
    <property name="java.class.path" value="E:\anzhuang\apache-maven-3.6.1\boot\plexus-classworlds-2.6.0.jar;E:\anzhuang\IntelliJ IDEA 2018.1.5\lib\idea_rt.jar"/>
    <property name="java.vm.specification.version" value="11"/>
    <property name="sun.arch.data.model" value="64"/>
    <property name="sun.java.command" value="com.intellij.rt.execution.application.AppMainV2 org.codehaus.classworlds.Launcher -Didea.version=2018.1.5 clean test sonar:sonar -Dsonar.host.url=http://192.168.43.19:9000 -Denv=sonar -fail-never -Dapp.name=a_test01 -Dapp.env=dev -Dsonar.projectKey=a_test01 -Dsonar.login=aa90f970cccc49df4c8d3c8d9f74fcbbed5e22f5 -Dsonar.projectVersion=20210531 -Dsonar.branch.name=develop"/>
    <property name="java.home" value="C:\Program Files\Java\jdk-11"/>
    <property name="user.language" value="zh"/>
    <property name="java.specification.vendor" value="Oracle Corporation"/>
    <property name="awt.toolkit" value="sun.awt.windows.WToolkit"/>
    <property name="java.vm.info" value="mixed mode"/>
    <property name="java.version" value="11"/>
    <property name="java.vendor" value="Oracle Corporation"/>
    <property name="maven.home" value="E:\anzhuang\apache-maven-3.6.1"/>
    <property name="file.separator" value="\"/>
    <property name="java.version.date" value="2018-09-25"/>
    <property name="java.vendor.url.bug" value="http://bugreport.java.com/bugreport/"/>
    <property name="sun.io.unicode.encoding" value="UnicodeLittle"/>
    <property name="sun.cpu.endian" value="little"/>
    <property name="java.vendor.version" value="18.9"/>
    <property name="sun.desktop" value="windows"/>
    <property name="sun.cpu.isalist" value="amd64"/>
  </properties>
  <testcase name="testDemo" classname="DemoTest" time="0.01"/>
  <testcase name="testDemo2" classname="DemoTest" time="0"/>
</testsuite>